[debug] [2022-01-29T18:15:44.318Z] ----------------------------------------------------------------------
[debug] [2022-01-29T18:15:44.320Z] Command:       /usr/local/bin/node /usr/local/bin/firebase serve --only functions
[debug] [2022-01-29T18:15:44.320Z] CLI Version:   10.1.2
[debug] [2022-01-29T18:15:44.320Z] Platform:      linux
[debug] [2022-01-29T18:15:44.320Z] Node Version:  v12.22.8
[debug] [2022-01-29T18:15:44.320Z] Time:          Sat Jan 29 2022 14:15:44 GMT-0400 (Amazon Standard Time)
[debug] [2022-01-29T18:15:44.320Z] ----------------------------------------------------------------------
[debug] 
[debug] [2022-01-29T18:15:44.352Z] Object ".hosting.rewrites[0]" in "firebase.json" has unknown property: {"additionalProperty":"sourse"}
[debug] [2022-01-29T18:15:44.352Z] Object ".hosting.rewrites[0]" in "firebase.json" has unknown property: {"additionalProperty":"sourse"}
[debug] [2022-01-29T18:15:44.352Z] Object ".hosting.rewrites[0]" in "firebase.json" has unknown property: {"additionalProperty":"sourse"}
[debug] [2022-01-29T18:15:44.352Z] Object ".hosting.rewrites[0]" in "firebase.json" has unknown property: {"additionalProperty":"sourse"}
[debug] [2022-01-29T18:15:44.352Z] Object ".hosting.rewrites[0]" in "firebase.json" has unknown property: {"additionalProperty":"sourse"}
[debug] [2022-01-29T18:15:44.352Z] Object ".hosting.rewrites[0]" in "firebase.json" has unknown property: {"additionalProperty":"sourse"}
[debug] [2022-01-29T18:15:44.352Z] Object ".hosting.rewrites[0]" in "firebase.json" has unknown property: {"additionalProperty":"sourse"}
[debug] [2022-01-29T18:15:44.352Z] Object ".hosting.rewrites[0]" in "firebase.json" has unknown property: {"additionalProperty":"sourse"}
[debug] [2022-01-29T18:15:44.352Z] Field ".hosting.rewrites[0]" in "firebase.json" is possibly invalid: should match some schema in anyOf
[debug] [2022-01-29T18:15:44.352Z] Field ".hosting" in "firebase.json" is possibly invalid: should be array
[debug] [2022-01-29T18:15:44.352Z] Field ".hosting" in "firebase.json" is possibly invalid: should match some schema in anyOf
[debug] [2022-01-29T18:15:44.355Z] > command requires scopes: ["email","openid","https://www.googleapis.com/auth/cloudplatformprojects.readonly","https://www.googleapis.com/auth/firebase","https://www.googleapis.com/auth/cloud-platform"]
[debug] [2022-01-29T18:15:44.355Z] > authorizing via signed-in user (antonioeder007@gmail.com)
[debug] [2022-01-29T18:15:44.355Z] [iam] checking project a-project-with-firebase-670d5 for permissions ["firebase.projects.get"]
[debug] [2022-01-29T18:15:44.356Z] > refreshing access token with scopes: ["email","https://www.googleapis.com/auth/cloud-platform","https://www.googleapis.com/auth/cloudplatformprojects.readonly","https://www.googleapis.com/auth/firebase","openid"]
[debug] [2022-01-29T18:15:44.357Z] >>> HTTP REQUEST POST https://www.googleapis.com/oauth2/v3/token  
 <request body omitted>
[debug] [2022-01-29T18:15:44.640Z] <<< HTTP RESPONSE 200 {"date":"Sat, 29 Jan 2022 18:15:44 GMT","cache-control":"no-cache, no-store, max-age=0, must-revalidate","pragma":"no-cache","expires":"Mon, 01 Jan 1990 00:00:00 GMT","content-type":"application/json; charset=utf-8","vary":"X-Origin, Referer, Origin,Accept-Encoding","server":"scaffolding on HTTPServer2","x-xss-protection":"0","x-frame-options":"SAMEORIGIN","x-content-type-options":"nosniff","alt-svc":"h3=\":443\"; ma=2592000,h3-29=\":443\"; ma=2592000,h3-Q050=\":443\"; ma=2592000,h3-Q046=\":443\"; ma=2592000,h3-Q043=\":443\"; ma=2592000,quic=\":443\"; ma=2592000; v=\"46,43\"","accept-ranges":"none","transfer-encoding":"chunked"}
[debug] [2022-01-29T18:15:44.656Z] >>> HTTP REQUEST POST https://cloudresourcemanager.googleapis.com/v1/projects/a-project-with-firebase-670d5:testIamPermissions  
 {"permissions":["firebase.projects.get"]}
[debug] [2022-01-29T18:15:45.647Z] <<< HTTP RESPONSE 200 {"content-type":"application/json; charset=UTF-8","vary":"X-Origin, Referer, Origin,Accept-Encoding","date":"Sat, 29 Jan 2022 18:15:45 GMT","server":"ESF","cache-control":"private","x-xss-protection":"0","x-frame-options":"SAMEORIGIN","x-content-type-options":"nosniff","server-timing":"gfet4t7; dur=721","alt-svc":"h3=\":443\"; ma=2592000,h3-29=\":443\"; ma=2592000,h3-Q050=\":443\"; ma=2592000,h3-Q046=\":443\"; ma=2592000,h3-Q043=\":443\"; ma=2592000,quic=\":443\"; ma=2592000; v=\"46,43\"","accept-ranges":"none","transfer-encoding":"chunked"}
[debug] [2022-01-29T18:15:45.651Z] > refreshing access token with scopes: []
[debug] [2022-01-29T18:15:45.651Z] >>> HTTP REQUEST POST https://www.googleapis.com/oauth2/v3/token  
 <request body omitted>
[debug] [2022-01-29T18:15:45.911Z] <<< HTTP RESPONSE 200 {"expires":"Mon, 01 Jan 1990 00:00:00 GMT","cache-control":"no-cache, no-store, max-age=0, must-revalidate","date":"Sat, 29 Jan 2022 18:15:45 GMT","pragma":"no-cache","content-type":"application/json; charset=utf-8","vary":"X-Origin, Referer, Origin,Accept-Encoding","server":"scaffolding on HTTPServer2","x-xss-protection":"0","x-frame-options":"SAMEORIGIN","x-content-type-options":"nosniff","alt-svc":"h3=\":443\"; ma=2592000,h3-29=\":443\"; ma=2592000,h3-Q050=\":443\"; ma=2592000,h3-Q046=\":443\"; ma=2592000,h3-Q043=\":443\"; ma=2592000,quic=\":443\"; ma=2592000; v=\"46,43\"","accept-ranges":"none","transfer-encoding":"chunked"}
[debug] [2022-01-29T18:15:45.922Z] >>> [apiv2][query] GET https://firebase.googleapis.com/v1beta1/projects/a-project-with-firebase-670d5 [none]
[debug] [2022-01-29T18:15:47.078Z] <<< [apiv2][status] GET https://firebase.googleapis.com/v1beta1/projects/a-project-with-firebase-670d5 200
[debug] [2022-01-29T18:15:47.078Z] <<< [apiv2][body] GET https://firebase.googleapis.com/v1beta1/projects/a-project-with-firebase-670d5 {"projectId":"a-project-with-firebase-670d5","projectNumber":"111625725383","displayName":"a-project-with-firebase","name":"projects/a-project-with-firebase-670d5","resources":{"hostingSite":"a-project-with-firebase-670d5"},"state":"ACTIVE"}
[warn] ⚠  Your functions directory /media/eder/04d8de7a-fcca-4385-bd58-ebf275fcd3f7/Estudos/a-project-with-firebase/ does not specify a Node version.
   - Learn more at https://firebase.google.com/docs/functions/manage-functions#set_runtime_options {"metadata":{"emulator":{"name":"functions"},"message":"Your functions directory /media/eder/04d8de7a-fcca-4385-bd58-ebf275fcd3f7/Estudos/a-project-with-firebase/ does not specify a Node version.\n   - Learn more at https://firebase.google.com/docs/functions/manage-functions#set_runtime_options"}}
[debug] [2022-01-29T18:15:47.084Z] defaultcredentials: writing to file /root/.config/firebase/antonioeder007_gmail_com_application_default_credentials.json
[debug] [2022-01-29T18:15:47.085Z] Setting GAC to /root/.config/firebase/antonioeder007_gmail_com_application_default_credentials.json {"metadata":{"emulator":{"name":"functions"},"message":"Setting GAC to /root/.config/firebase/antonioeder007_gmail_com_application_default_credentials.json"}}
[debug] [2022-01-29T18:15:47.086Z] >>> [apiv2][query] GET https://firebase.googleapis.com/v1beta1/projects/a-project-with-firebase-670d5/adminSdkConfig [none]
[debug] [2022-01-29T18:15:48.339Z] <<< [apiv2][status] GET https://firebase.googleapis.com/v1beta1/projects/a-project-with-firebase-670d5/adminSdkConfig 200
[debug] [2022-01-29T18:15:48.339Z] <<< [apiv2][body] GET https://firebase.googleapis.com/v1beta1/projects/a-project-with-firebase-670d5/adminSdkConfig {"projectId":"a-project-with-firebase-670d5","storageBucket":"a-project-with-firebase-670d5.appspot.com"}
[info] i  functions: Watching "/media/eder/04d8de7a-fcca-4385-bd58-ebf275fcd3f7/Estudos/a-project-with-firebase/" for Cloud Functions... {"metadata":{"emulator":{"name":"functions"},"message":"Watching \"/media/eder/04d8de7a-fcca-4385-bd58-ebf275fcd3f7/Estudos/a-project-with-firebase/\" for Cloud Functions..."}}
[debug] [2022-01-29T18:15:48.391Z] [worker-pool] addWorker(~diagnostic~) {"metadata":{"emulator":{"name":"functions"},"message":"[worker-pool] addWorker(~diagnostic~)"}}
[debug] [2022-01-29T18:15:48.391Z] [worker-pool] Adding worker with key ~diagnostic~, total=1 {"metadata":{"emulator":{"name":"functions"},"message":"[worker-pool] Adding worker with key ~diagnostic~, total=1"}}
[debug] [2022-01-29T18:15:48.391Z] [worker-pool] submitWork(triggerId=) {"metadata":{"emulator":{"name":"functions"},"message":"[worker-pool] submitWork(triggerId=)"}}
[debug] [2022-01-29T18:15:48.392Z] [worker-~diagnostic~-ec4898e0-c149-4254-9b4a-fda738a7afbf]: Assigning socketPath: /tmp/fire_emu_13668.sock {"metadata":{"emulator":{"name":"functions"},"message":"[worker-~diagnostic~-ec4898e0-c149-4254-9b4a-fda738a7afbf]: Assigning socketPath: /tmp/fire_emu_13668.sock"}}
[debug] [2022-01-29T18:15:48.392Z] [worker-~diagnostic~-ec4898e0-c149-4254-9b4a-fda738a7afbf]: BUSY {"metadata":{"emulator":{"name":"functions"},"message":"[worker-~diagnostic~-ec4898e0-c149-4254-9b4a-fda738a7afbf]: BUSY"}}
[debug] [2022-01-29T18:15:48.481Z] [runtime-status] [13668] Functions runtime initialized. {"cwd":"/media/eder/04d8de7a-fcca-4385-bd58-ebf275fcd3f7/Estudos/a-project-with-firebase","node_version":"12.22.8"} {"metadata":{"emulator":{"name":"functions"},"message":"[runtime-status] [13668] Functions runtime initialized. {\"cwd\":\"/media/eder/04d8de7a-fcca-4385-bd58-ebf275fcd3f7/Estudos/a-project-with-firebase\",\"node_version\":\"12.22.8\"}"}}
[debug] [2022-01-29T18:15:48.482Z] [runtime-status] [13668] Disabled runtime features: undefined {"metadata":{"emulator":{"name":"functions"},"message":"[runtime-status] [13668] Disabled runtime features: undefined"}}
[debug] [2022-01-29T18:15:48.484Z] [runtime-status] [13668] Resolved module firebase-admin {"declared":true,"installed":true,"version":"9.12.0","resolution":"/media/eder/04d8de7a-fcca-4385-bd58-ebf275fcd3f7/Estudos/a-project-with-firebase/node_modules/firebase-admin/lib/index.js"} {"metadata":{"emulator":{"name":"functions"},"message":"[runtime-status] [13668] Resolved module firebase-admin {\"declared\":true,\"installed\":true,\"version\":\"9.12.0\",\"resolution\":\"/media/eder/04d8de7a-fcca-4385-bd58-ebf275fcd3f7/Estudos/a-project-with-firebase/node_modules/firebase-admin/lib/index.js\"}"}}
[debug] [2022-01-29T18:15:48.486Z] [runtime-status] [13668] Resolved module firebase-functions {"declared":true,"installed":true,"version":"3.16.0","resolution":"/media/eder/04d8de7a-fcca-4385-bd58-ebf275fcd3f7/Estudos/a-project-with-firebase/node_modules/firebase-functions/lib/index.js"} {"metadata":{"emulator":{"name":"functions"},"message":"[runtime-status] [13668] Resolved module firebase-functions {\"declared\":true,\"installed\":true,\"version\":\"3.16.0\",\"resolution\":\"/media/eder/04d8de7a-fcca-4385-bd58-ebf275fcd3f7/Estudos/a-project-with-firebase/node_modules/firebase-functions/lib/index.js\"}"}}
[debug] [2022-01-29T18:15:48.487Z] [runtime-status] [13668] Outgoing network have been stubbed. [{"name":"http","status":"mocked"},{"name":"http","status":"mocked"},{"name":"https","status":"mocked"},{"name":"https","status":"mocked"},{"name":"net","status":"mocked"}] {"metadata":{"emulator":{"name":"functions"},"message":"[runtime-status] [13668] Outgoing network have been stubbed. [{\"name\":\"http\",\"status\":\"mocked\"},{\"name\":\"http\",\"status\":\"mocked\"},{\"name\":\"https\",\"status\":\"mocked\"},{\"name\":\"https\",\"status\":\"mocked\"},{\"name\":\"net\",\"status\":\"mocked\"}]"}}
[debug] [2022-01-29T18:15:48.488Z] [runtime-status] [13668] Resolved module firebase-functions {"declared":true,"installed":true,"version":"3.16.0","resolution":"/media/eder/04d8de7a-fcca-4385-bd58-ebf275fcd3f7/Estudos/a-project-with-firebase/node_modules/firebase-functions/lib/index.js"} {"metadata":{"emulator":{"name":"functions"},"message":"[runtime-status] [13668] Resolved module firebase-functions {\"declared\":true,\"installed\":true,\"version\":\"3.16.0\",\"resolution\":\"/media/eder/04d8de7a-fcca-4385-bd58-ebf275fcd3f7/Estudos/a-project-with-firebase/node_modules/firebase-functions/lib/index.js\"}"}}
[debug] [2022-01-29T18:15:48.512Z] [runtime-status] [13668] Checked functions.config() {"config":{}} {"metadata":{"emulator":{"name":"functions"},"message":"[runtime-status] [13668] Checked functions.config() {\"config\":{}}"}}
[debug] [2022-01-29T18:15:48.513Z] [runtime-status] [13668] firebase-functions has been stubbed. {"functionsResolution":{"declared":true,"installed":true,"version":"3.16.0","resolution":"/media/eder/04d8de7a-fcca-4385-bd58-ebf275fcd3f7/Estudos/a-project-with-firebase/node_modules/firebase-functions/lib/index.js"}} {"metadata":{"emulator":{"name":"functions"},"message":"[runtime-status] [13668] firebase-functions has been stubbed. {\"functionsResolution\":{\"declared\":true,\"installed\":true,\"version\":\"3.16.0\",\"resolution\":\"/media/eder/04d8de7a-fcca-4385-bd58-ebf275fcd3f7/Estudos/a-project-with-firebase/node_modules/firebase-functions/lib/index.js\"}}"}}
[debug] [2022-01-29T18:15:48.513Z] [runtime-status] [13668] Resolved module firebase-functions {"declared":true,"installed":true,"version":"3.16.0","resolution":"/media/eder/04d8de7a-fcca-4385-bd58-ebf275fcd3f7/Estudos/a-project-with-firebase/node_modules/firebase-functions/lib/index.js"} {"metadata":{"emulator":{"name":"functions"},"message":"[runtime-status] [13668] Resolved module firebase-functions {\"declared\":true,\"installed\":true,\"version\":\"3.16.0\",\"resolution\":\"/media/eder/04d8de7a-fcca-4385-bd58-ebf275fcd3f7/Estudos/a-project-with-firebase/node_modules/firebase-functions/lib/index.js\"}"}}
[debug] [2022-01-29T18:15:48.517Z] [runtime-status] [13668] Resolved module firebase-admin {"declared":true,"installed":true,"version":"9.12.0","resolution":"/media/eder/04d8de7a-fcca-4385-bd58-ebf275fcd3f7/Estudos/a-project-with-firebase/node_modules/firebase-admin/lib/index.js"} {"metadata":{"emulator":{"name":"functions"},"message":"[runtime-status] [13668] Resolved module firebase-admin {\"declared\":true,\"installed\":true,\"version\":\"9.12.0\",\"resolution\":\"/media/eder/04d8de7a-fcca-4385-bd58-ebf275fcd3f7/Estudos/a-project-with-firebase/node_modules/firebase-admin/lib/index.js\"}"}}
[debug] [2022-01-29T18:15:48.517Z] [runtime-status] [13668] Resolved module firebase-functions {"declared":true,"installed":true,"version":"3.16.0","resolution":"/media/eder/04d8de7a-fcca-4385-bd58-ebf275fcd3f7/Estudos/a-project-with-firebase/node_modules/firebase-functions/lib/index.js"} {"metadata":{"emulator":{"name":"functions"},"message":"[runtime-status] [13668] Resolved module firebase-functions {\"declared\":true,\"installed\":true,\"version\":\"3.16.0\",\"resolution\":\"/media/eder/04d8de7a-fcca-4385-bd58-ebf275fcd3f7/Estudos/a-project-with-firebase/node_modules/firebase-functions/lib/index.js\"}"}}
[debug] [2022-01-29T18:15:48.517Z] [runtime-status] [13668] firebase-admin has been stubbed. {"adminResolution":{"declared":true,"installed":true,"version":"9.12.0","resolution":"/media/eder/04d8de7a-fcca-4385-bd58-ebf275fcd3f7/Estudos/a-project-with-firebase/node_modules/firebase-admin/lib/index.js"}} {"metadata":{"emulator":{"name":"functions"},"message":"[runtime-status] [13668] firebase-admin has been stubbed. {\"adminResolution\":{\"declared\":true,\"installed\":true,\"version\":\"9.12.0\",\"resolution\":\"/media/eder/04d8de7a-fcca-4385-bd58-ebf275fcd3f7/Estudos/a-project-with-firebase/node_modules/firebase-admin/lib/index.js\"}}"}}
[info] ✔  functions[us-central1-app]: http function initialized (http://localhost:5000/a-project-with-firebase-670d5/us-central1/app). {"metadata":{"emulator":{"name":"functions"},"message":"\u001b[1mhttp\u001b[22m function initialized (http://localhost:5000/a-project-with-firebase-670d5/us-central1/app)."}}
[debug] [2022-01-29T18:15:48.938Z] [worker-~diagnostic~-ec4898e0-c149-4254-9b4a-fda738a7afbf]: IDLE {"metadata":{"emulator":{"name":"functions"},"message":"[worker-~diagnostic~-ec4898e0-c149-4254-9b4a-fda738a7afbf]: IDLE"}}
[info] >  Listening on port 80 {"user":"Listening on port 80","metadata":{"emulator":{"name":"functions"},"message":"\u001b[90m> \u001b[39m Listening on port 80"}}
[info] >  (node:13668) DeprecationWarning: loaderUtils.parseQuery() received a non-string value which can be problematic, see https://github.com/webpack/loader-utils/issues/56 {"user":"(node:13668) DeprecationWarning: loaderUtils.parseQuery() received a non-string value which can be problematic, see https://github.com/webpack/loader-utils/issues/56","metadata":{"emulator":{"name":"functions"},"message":"\u001b[90m> \u001b[39m (node:13668) DeprecationWarning: loaderUtils.parseQuery() received a non-string value which can be problematic, see https://github.com/webpack/loader-utils/issues/56"}}
[info] >  parseQuery() will be replaced with getOptions() in the next major version of loader-utils. {"user":"parseQuery() will be replaced with getOptions() in the next major version of loader-utils.","metadata":{"emulator":{"name":"functions"},"message":"\u001b[90m> \u001b[39m parseQuery() will be replaced with getOptions() in the next major version of loader-utils."}}
[info] >  Hash: 03c2963596a6cb9da8bf {"user":"Hash: 03c2963596a6cb9da8bf","metadata":{"emulator":{"name":"functions"},"message":"\u001b[90m> \u001b[39m Hash: 03c2963596a6cb9da8bf"}}
[info] >  Version: webpack 2.7.0 {"user":"Version: webpack 2.7.0","metadata":{"emulator":{"name":"functions"},"message":"\u001b[90m> \u001b[39m Version: webpack 2.7.0"}}
[info] >  Time: 6115ms {"user":"Time: 6115ms","metadata":{"emulator":{"name":"functions"},"message":"\u001b[90m> \u001b[39m Time: 6115ms"}}
[info] >                              Asset       Size  Chunks                    Chunk Names {"user":"                            Asset       Size  Chunks                    Chunk Names","metadata":{"emulator":{"name":"functions"},"message":"\u001b[90m> \u001b[39m                             Asset       Size  Chunks                    Chunk Names"}}
[info] >             form.03c29635bundle.js    3.16 kB       0  [emitted]         form {"user":"           form.03c29635bundle.js    3.16 kB       0  [emitted]         form","metadata":{"emulator":{"name":"functions"},"message":"\u001b[90m> \u001b[39m            form.03c29635bundle.js    3.16 kB       0  [emitted]         form"}}
[info] >     confFirebase.03c29635bundle.js  443 bytes       1  [emitted]         confFirebase {"user":"   confFirebase.03c29635bundle.js  443 bytes       1  [emitted]         confFirebase","metadata":{"emulator":{"name":"functions"},"message":"\u001b[90m> \u001b[39m    confFirebase.03c29635bundle.js  443 bytes       1  [emitted]         confFirebase"}}
[info] >     authFirebase.03c29635bundle.js    3.63 kB       2  [emitted]         authFirebase {"user":"   authFirebase.03c29635bundle.js    3.63 kB       2  [emitted]         authFirebase","metadata":{"emulator":{"name":"functions"},"message":"\u001b[90m> \u001b[39m    authFirebase.03c29635bundle.js    3.63 kB       2  [emitted]         authFirebase"}}
[info] >            utils.03c29635bundle.js   26 bytes       3  [emitted]         utils {"user":"          utils.03c29635bundle.js   26 bytes       3  [emitted]         utils","metadata":{"emulator":{"name":"functions"},"message":"\u001b[90m> \u001b[39m           utils.03c29635bundle.js   26 bytes       3  [emitted]         utils"}}
[info] >         commons.03c29635.bundle.js     925 kB       4  [emitted]  [big]  commons {"user":"       commons.03c29635.bundle.js     925 kB       4  [emitted]  [big]  commons","metadata":{"emulator":{"name":"functions"},"message":"\u001b[90m> \u001b[39m        commons.03c29635.bundle.js     925 kB       4  [emitted]  [big]  commons"}}
[info] >        commons.991af320.bundle.css  943 bytes       4  [emitted]         commons {"user":"      commons.991af320.bundle.css  943 bytes       4  [emitted]         commons","metadata":{"emulator":{"name":"functions"},"message":"\u001b[90m> \u001b[39m       commons.991af320.bundle.css  943 bytes       4  [emitted]         commons"}}
[info] >          form.03c29635bundle.js.gz    1.15 kB          [emitted]          {"user":"        form.03c29635bundle.js.gz    1.15 kB          [emitted]         ","metadata":{"emulator":{"name":"functions"},"message":"\u001b[90m> \u001b[39m         form.03c29635bundle.js.gz    1.15 kB          [emitted]         "}}
[info] >  confFirebase.03c29635bundle.js.gz  325 bytes          [emitted]          {"user":"confFirebase.03c29635bundle.js.gz  325 bytes          [emitted]         ","metadata":{"emulator":{"name":"functions"},"message":"\u001b[90m> \u001b[39m confFirebase.03c29635bundle.js.gz  325 bytes          [emitted]         "}}
[info] >  authFirebase.03c29635bundle.js.gz    1.11 kB          [emitted]          {"user":"authFirebase.03c29635bundle.js.gz    1.11 kB          [emitted]         ","metadata":{"emulator":{"name":"functions"},"message":"\u001b[90m> \u001b[39m authFirebase.03c29635bundle.js.gz    1.11 kB          [emitted]         "}}
[info] >     commons.991af320.bundle.css.gz  438 bytes          [emitted]          {"user":"   commons.991af320.bundle.css.gz  438 bytes          [emitted]         ","metadata":{"emulator":{"name":"functions"},"message":"\u001b[90m> \u001b[39m    commons.991af320.bundle.css.gz  438 bytes          [emitted]         "}}
[info] >      commons.03c29635.bundle.js.gz     239 kB          [emitted]          {"user":"    commons.03c29635.bundle.js.gz     239 kB          [emitted]         ","metadata":{"emulator":{"name":"functions"},"message":"\u001b[90m> \u001b[39m     commons.03c29635.bundle.js.gz     239 kB          [emitted]         "}}
[info] >                         index.html  650 bytes          [emitted]          {"user":"                       index.html  650 bytes          [emitted]         ","metadata":{"emulator":{"name":"functions"},"message":"\u001b[90m> \u001b[39m                        index.html  650 bytes          [emitted]         "}}
[info] >  chunk    {0} form.03c29635bundle.js (form) 3.31 kB {4} [initial] [rendered] {"user":"chunk    {0} form.03c29635bundle.js (form) 3.31 kB {4} [initial] [rendered]","metadata":{"emulator":{"name":"functions"},"message":"\u001b[90m> \u001b[39m chunk    {0} form.03c29635bundle.js (form) 3.31 kB {4} [initial] [rendered]"}}
[info] >     [11] ./app/template/form.html 3.18 kB {0} [built] {"user":"   [11] ./app/template/form.html 3.18 kB {0} [built]","metadata":{"emulator":{"name":"functions"},"message":"\u001b[90m> \u001b[39m    [11] ./app/template/form.html 3.18 kB {0} [built]"}}
[info] >     [24] ./app/js/form.js 131 bytes {0} [built] {"user":"   [24] ./app/js/form.js 131 bytes {0} [built]","metadata":{"emulator":{"name":"functions"},"message":"\u001b[90m> \u001b[39m    [24] ./app/js/form.js 131 bytes {0} [built]"}}
[info] >  chunk    {1} confFirebase.03c29635bundle.js (confFirebase) 477 bytes {4} [initial] [rendered] {"user":"chunk    {1} confFirebase.03c29635bundle.js (confFirebase) 477 bytes {4} [initial] [rendered]","metadata":{"emulator":{"name":"functions"},"message":"\u001b[90m> \u001b[39m chunk    {1} confFirebase.03c29635bundle.js (confFirebase) 477 bytes {4} [initial] [rendered]"}}
[info] >     [23] ./app/js/firebase.js 477 bytes {1} [built] {"user":"   [23] ./app/js/firebase.js 477 bytes {1} [built]","metadata":{"emulator":{"name":"functions"},"message":"\u001b[90m> \u001b[39m    [23] ./app/js/firebase.js 477 bytes {1} [built]"}}
[info] >  chunk    {2} authFirebase.03c29635bundle.js (authFirebase) 5.33 kB {4} [initial] [rendered] {"user":"chunk    {2} authFirebase.03c29635bundle.js (authFirebase) 5.33 kB {4} [initial] [rendered]","metadata":{"emulator":{"name":"functions"},"message":"\u001b[90m> \u001b[39m chunk    {2} authFirebase.03c29635bundle.js (authFirebase) 5.33 kB {4} [initial] [rendered]"}}
[info] >     [22] ./app/js/auth.js 5.33 kB {2} [built] {"user":"   [22] ./app/js/auth.js 5.33 kB {2} [built]","metadata":{"emulator":{"name":"functions"},"message":"\u001b[90m> \u001b[39m    [22] ./app/js/auth.js 5.33 kB {2} [built]"}}
[info] >  chunk    {3} utils.03c29635bundle.js (utils) 0 bytes {4} [initial] [rendered] {"user":"chunk    {3} utils.03c29635bundle.js (utils) 0 bytes {4} [initial] [rendered]","metadata":{"emulator":{"name":"functions"},"message":"\u001b[90m> \u001b[39m chunk    {3} utils.03c29635bundle.js (utils) 0 bytes {4} [initial] [rendered]"}}
[info] >  chunk    {4} commons.03c29635.bundle.js, commons.991af320.bundle.css (commons) 2.43 MB [entry] [rendered] {"user":"chunk    {4} commons.03c29635.bundle.js, commons.991af320.bundle.css (commons) 2.43 MB [entry] [rendered]","metadata":{"emulator":{"name":"functions"},"message":"\u001b[90m> \u001b[39m chunk    {4} commons.03c29635.bundle.js, commons.991af320.bundle.css (commons) 2.43 MB [entry] [rendered]"}}
[info] >      [0] ./~/tslib/tslib.es6.js 9.44 kB {4} [built] {"user":"    [0] ./~/tslib/tslib.es6.js 9.44 kB {4} [built]","metadata":{"emulator":{"name":"functions"},"message":"\u001b[90m> \u001b[39m     [0] ./~/tslib/tslib.es6.js 9.44 kB {4} [built]"}}
[info] >      [1] ./~/@firebase/app/dist/index.cjs.js 26.9 kB {4} [built] {"user":"    [1] ./~/@firebase/app/dist/index.cjs.js 26.9 kB {4} [built]","metadata":{"emulator":{"name":"functions"},"message":"\u001b[90m> \u001b[39m     [1] ./~/@firebase/app/dist/index.cjs.js 26.9 kB {4} [built]"}}
[info] >      [2] ./~/@firebase/component/dist/index.cjs.js 13.3 kB {4} [built] {"user":"    [2] ./~/@firebase/component/dist/index.cjs.js 13.3 kB {4} [built]","metadata":{"emulator":{"name":"functions"},"message":"\u001b[90m> \u001b[39m     [2] ./~/@firebase/component/dist/index.cjs.js 13.3 kB {4} [built]"}}
[info] >      [6] ./~/firebase/dist/index.cjs.js 2.61 kB {4} [built] {"user":"    [6] ./~/firebase/dist/index.cjs.js 2.61 kB {4} [built]","metadata":{"emulator":{"name":"functions"},"message":"\u001b[90m> \u001b[39m     [6] ./~/firebase/dist/index.cjs.js 2.61 kB {4} [built]"}}
[info] >     [10] ./app/js/utils.js 3.89 kB {4} [built] {"user":"   [10] ./app/js/utils.js 3.89 kB {4} [built]","metadata":{"emulator":{"name":"functions"},"message":"\u001b[90m> \u001b[39m    [10] ./app/js/utils.js 3.89 kB {4} [built]"}}
[info] >     [12] ./~/@firebase/analytics/dist/index.esm.js 22.6 kB {4} [built] {"user":"   [12] ./~/@firebase/analytics/dist/index.esm.js 22.6 kB {4} [built]","metadata":{"emulator":{"name":"functions"},"message":"\u001b[90m> \u001b[39m    [12] ./~/@firebase/analytics/dist/index.esm.js 22.6 kB {4} [built]"}}
[info] >     [13] ./~/@firebase/auth/dist/auth.esm.js 167 kB {4} [built] {"user":"   [13] ./~/@firebase/auth/dist/auth.esm.js 167 kB {4} [built]","metadata":{"emulator":{"name":"functions"},"message":"\u001b[90m> \u001b[39m    [13] ./~/@firebase/auth/dist/auth.esm.js 167 kB {4} [built]"}}
[info] >     [14] ./~/@firebase/database/dist/index.cjs.js 609 kB {4} [built] {"user":"   [14] ./~/@firebase/database/dist/index.cjs.js 609 kB {4} [built]","metadata":{"emulator":{"name":"functions"},"message":"\u001b[90m> \u001b[39m    [14] ./~/@firebase/database/dist/index.cjs.js 609 kB {4} [built]"}}
[info] >     [15] ./~/@firebase/firestore/dist/index.cjs.js 1.07 MB {4} [built] {"user":"   [15] ./~/@firebase/firestore/dist/index.cjs.js 1.07 MB {4} [built]","metadata":{"emulator":{"name":"functions"},"message":"\u001b[90m> \u001b[39m    [15] ./~/@firebase/firestore/dist/index.cjs.js 1.07 MB {4} [built]"}}
[info] >     [16] ./~/@firebase/functions/dist/index.cjs.js 25.1 kB {4} [built] {"user":"   [16] ./~/@firebase/functions/dist/index.cjs.js 25.1 kB {4} [built]","metadata":{"emulator":{"name":"functions"},"message":"\u001b[90m> \u001b[39m    [16] ./~/@firebase/functions/dist/index.cjs.js 25.1 kB {4} [built]"}}
[info] >     [17] ./~/@firebase/messaging/dist/index.esm.js 71.5 kB {4} [built] {"user":"   [17] ./~/@firebase/messaging/dist/index.esm.js 71.5 kB {4} [built]","metadata":{"emulator":{"name":"functions"},"message":"\u001b[90m> \u001b[39m    [17] ./~/@firebase/messaging/dist/index.esm.js 71.5 kB {4} [built]"}}
[info] >     [18] ./~/@firebase/performance/dist/index.cjs.js 53.7 kB {4} [built] {"user":"   [18] ./~/@firebase/performance/dist/index.cjs.js 53.7 kB {4} [built]","metadata":{"emulator":{"name":"functions"},"message":"\u001b[90m> \u001b[39m    [18] ./~/@firebase/performance/dist/index.cjs.js 53.7 kB {4} [built]"}}
[info] >     [19] ./~/@firebase/remote-config/dist/index.cjs.js 57.4 kB {4} [built] {"user":"   [19] ./~/@firebase/remote-config/dist/index.cjs.js 57.4 kB {4} [built]","metadata":{"emulator":{"name":"functions"},"message":"\u001b[90m> \u001b[39m    [19] ./~/@firebase/remote-config/dist/index.cjs.js 57.4 kB {4} [built]"}}
[info] >     [20] ./~/@firebase/storage/dist/index.esm.js 127 kB {4} [built] {"user":"   [20] ./~/@firebase/storage/dist/index.esm.js 127 kB {4} [built]","metadata":{"emulator":{"name":"functions"},"message":"\u001b[90m> \u001b[39m    [20] ./~/@firebase/storage/dist/index.esm.js 127 kB {4} [built]"}}
[info] >     [25] ./app/css/styles.scss 41 bytes {4} [built] {"user":"   [25] ./app/css/styles.scss 41 bytes {4} [built]","metadata":{"emulator":{"name":"functions"},"message":"\u001b[90m> \u001b[39m    [25] ./app/css/styles.scss 41 bytes {4} [built]"}}
[info] >       + 7 hidden modules {"user":"     + 7 hidden modules","metadata":{"emulator":{"name":"functions"},"message":"\u001b[90m> \u001b[39m      + 7 hidden modules"}}
[info] >  Child html-webpack-plugin for "index.html": {"user":"Child html-webpack-plugin for \"index.html\":","metadata":{"emulator":{"name":"functions"},"message":"\u001b[90m> \u001b[39m Child html-webpack-plugin for \"index.html\":"}}
[info] >           Asset     Size  Chunks  Chunk Names {"user":"         Asset     Size  Chunks  Chunk Names","metadata":{"emulator":{"name":"functions"},"message":"\u001b[90m> \u001b[39m          Asset     Size  Chunks  Chunk Names"}}
[info] >      index.html  3.11 kB       0   {"user":"    index.html  3.11 kB       0  ","metadata":{"emulator":{"name":"functions"},"message":"\u001b[90m> \u001b[39m     index.html  3.11 kB       0  "}}
[info] >      chunk    {0} index.html 441 bytes [entry] [rendered] {"user":"    chunk    {0} index.html 441 bytes [entry] [rendered]","metadata":{"emulator":{"name":"functions"},"message":"\u001b[90m> \u001b[39m     chunk    {0} index.html 441 bytes [entry] [rendered]"}}
[info] >          [0] ./~/html-webpack-plugin/lib/loader.js!./index.html 441 bytes {0} [built] {"user":"        [0] ./~/html-webpack-plugin/lib/loader.js!./index.html 441 bytes {0} [built]","metadata":{"emulator":{"name":"functions"},"message":"\u001b[90m> \u001b[39m         [0] ./~/html-webpack-plugin/lib/loader.js!./index.html 441 bytes {0} [built]"}}
[info] >  Child extract-text-webpack-plugin: {"user":"Child extract-text-webpack-plugin:","metadata":{"emulator":{"name":"functions"},"message":"\u001b[90m> \u001b[39m Child extract-text-webpack-plugin:"}}
[info] >      chunk    {0} extract-text-webpack-plugin-output-filename 2.62 kB [entry] [rendered] {"user":"    chunk    {0} extract-text-webpack-plugin-output-filename 2.62 kB [entry] [rendered]","metadata":{"emulator":{"name":"functions"},"message":"\u001b[90m> \u001b[39m     chunk    {0} extract-text-webpack-plugin-output-filename 2.62 kB [entry] [rendered]"}}
[info] >          [0] ./~/css-loader/lib/css-base.js 1.46 kB {0} [built] {"user":"        [0] ./~/css-loader/lib/css-base.js 1.46 kB {0} [built]","metadata":{"emulator":{"name":"functions"},"message":"\u001b[90m> \u001b[39m         [0] ./~/css-loader/lib/css-base.js 1.46 kB {0} [built]"}}
[info] >          [1] ./~/css-loader!./~/sass-loader/lib/loader.js!./app/css/styles.scss 1.17 kB {0} [built] {"user":"        [1] ./~/css-loader!./~/sass-loader/lib/loader.js!./app/css/styles.scss 1.17 kB {0} [built]","metadata":{"emulator":{"name":"functions"},"message":"\u001b[90m> \u001b[39m         [1] ./~/css-loader!./~/sass-loader/lib/loader.js!./app/css/styles.scss 1.17 kB {0} [built]"}}
[info] >  webpack: Compiled successfully. {"user":"webpack: Compiled successfully.","metadata":{"emulator":{"name":"functions"},"message":"\u001b[90m> \u001b[39m webpack: Compiled successfully."}}
[debug] [2022-01-29T18:16:34.554Z] [work-queue] {"queueLength":1,"workRunningCount":0}
[debug] [2022-01-29T18:16:34.555Z] [work-queue] {"queueLength":0,"workRunningCount":1}
[debug] [2022-01-29T18:16:34.555Z] Accepted request GET /a-project-with-firebase-670d5/us-central1/app --> us-central1-app
[debug] [2022-01-29T18:16:34.573Z] [worker-pool] addWorker(us-central1-app) {"metadata":{"emulator":{"name":"functions"},"message":"[worker-pool] addWorker(us-central1-app)"}}
[debug] [2022-01-29T18:16:34.574Z] [worker-pool] Adding worker with key us-central1-app, total=1 {"metadata":{"emulator":{"name":"functions"},"message":"[worker-pool] Adding worker with key us-central1-app, total=1"}}
[debug] [2022-01-29T18:16:34.575Z] [worker-pool] submitWork(triggerId=us-central1-app) {"metadata":{"emulator":{"name":"functions"},"message":"[worker-pool] submitWork(triggerId=us-central1-app)"}}
[debug] [2022-01-29T18:16:34.575Z] [worker-us-central1-app-9d4d5d5d-6792-4035-8568-eb4dd6c9818b]: Assigning socketPath: /tmp/fire_emu_13874.sock {"metadata":{"emulator":{"name":"functions"},"message":"[worker-us-central1-app-9d4d5d5d-6792-4035-8568-eb4dd6c9818b]: Assigning socketPath: /tmp/fire_emu_13874.sock"}}
[debug] [2022-01-29T18:16:34.575Z] [worker-us-central1-app-9d4d5d5d-6792-4035-8568-eb4dd6c9818b]: BUSY {"metadata":{"emulator":{"name":"functions"},"message":"[worker-us-central1-app-9d4d5d5d-6792-4035-8568-eb4dd6c9818b]: BUSY"}}
[debug] [2022-01-29T18:16:34.719Z] [runtime-status] [13874] Functions runtime initialized. {"cwd":"/media/eder/04d8de7a-fcca-4385-bd58-ebf275fcd3f7/Estudos/a-project-with-firebase","node_version":"12.22.8"} {"metadata":{"emulator":{"name":"functions"},"function":{"name":"us-central1-app"},"message":"[runtime-status] [13874] Functions runtime initialized. {\"cwd\":\"/media/eder/04d8de7a-fcca-4385-bd58-ebf275fcd3f7/Estudos/a-project-with-firebase\",\"node_version\":\"12.22.8\"}"}}
[debug] [2022-01-29T18:16:34.722Z] [runtime-status] [13874] Disabled runtime features: undefined {"metadata":{"emulator":{"name":"functions"},"function":{"name":"us-central1-app"},"message":"[runtime-status] [13874] Disabled runtime features: undefined"}}
[debug] [2022-01-29T18:16:34.727Z] [runtime-status] [13874] Resolved module firebase-admin {"declared":true,"installed":true,"version":"9.12.0","resolution":"/media/eder/04d8de7a-fcca-4385-bd58-ebf275fcd3f7/Estudos/a-project-with-firebase/node_modules/firebase-admin/lib/index.js"} {"metadata":{"emulator":{"name":"functions"},"function":{"name":"us-central1-app"},"message":"[runtime-status] [13874] Resolved module firebase-admin {\"declared\":true,\"installed\":true,\"version\":\"9.12.0\",\"resolution\":\"/media/eder/04d8de7a-fcca-4385-bd58-ebf275fcd3f7/Estudos/a-project-with-firebase/node_modules/firebase-admin/lib/index.js\"}"}}
[debug] [2022-01-29T18:16:34.729Z] [runtime-status] [13874] Resolved module firebase-functions {"declared":true,"installed":true,"version":"3.16.0","resolution":"/media/eder/04d8de7a-fcca-4385-bd58-ebf275fcd3f7/Estudos/a-project-with-firebase/node_modules/firebase-functions/lib/index.js"} {"metadata":{"emulator":{"name":"functions"},"function":{"name":"us-central1-app"},"message":"[runtime-status] [13874] Resolved module firebase-functions {\"declared\":true,\"installed\":true,\"version\":\"3.16.0\",\"resolution\":\"/media/eder/04d8de7a-fcca-4385-bd58-ebf275fcd3f7/Estudos/a-project-with-firebase/node_modules/firebase-functions/lib/index.js\"}"}}
[debug] [2022-01-29T18:16:34.730Z] [runtime-status] [13874] Outgoing network have been stubbed. [{"name":"http","status":"mocked"},{"name":"http","status":"mocked"},{"name":"https","status":"mocked"},{"name":"https","status":"mocked"},{"name":"net","status":"mocked"}] {"metadata":{"emulator":{"name":"functions"},"function":{"name":"us-central1-app"},"message":"[runtime-status] [13874] Outgoing network have been stubbed. [{\"name\":\"http\",\"status\":\"mocked\"},{\"name\":\"http\",\"status\":\"mocked\"},{\"name\":\"https\",\"status\":\"mocked\"},{\"name\":\"https\",\"status\":\"mocked\"},{\"name\":\"net\",\"status\":\"mocked\"}]"}}
[debug] [2022-01-29T18:16:34.732Z] [runtime-status] [13874] Resolved module firebase-functions {"declared":true,"installed":true,"version":"3.16.0","resolution":"/media/eder/04d8de7a-fcca-4385-bd58-ebf275fcd3f7/Estudos/a-project-with-firebase/node_modules/firebase-functions/lib/index.js"} {"metadata":{"emulator":{"name":"functions"},"function":{"name":"us-central1-app"},"message":"[runtime-status] [13874] Resolved module firebase-functions {\"declared\":true,\"installed\":true,\"version\":\"3.16.0\",\"resolution\":\"/media/eder/04d8de7a-fcca-4385-bd58-ebf275fcd3f7/Estudos/a-project-with-firebase/node_modules/firebase-functions/lib/index.js\"}"}}
[debug] [2022-01-29T18:16:34.766Z] [runtime-status] [13874] Checked functions.config() {"config":{}} {"metadata":{"emulator":{"name":"functions"},"function":{"name":"us-central1-app"},"message":"[runtime-status] [13874] Checked functions.config() {\"config\":{}}"}}
[debug] [2022-01-29T18:16:34.766Z] [runtime-status] [13874] firebase-functions has been stubbed. {"functionsResolution":{"declared":true,"installed":true,"version":"3.16.0","resolution":"/media/eder/04d8de7a-fcca-4385-bd58-ebf275fcd3f7/Estudos/a-project-with-firebase/node_modules/firebase-functions/lib/index.js"}} {"metadata":{"emulator":{"name":"functions"},"function":{"name":"us-central1-app"},"message":"[runtime-status] [13874] firebase-functions has been stubbed. {\"functionsResolution\":{\"declared\":true,\"installed\":true,\"version\":\"3.16.0\",\"resolution\":\"/media/eder/04d8de7a-fcca-4385-bd58-ebf275fcd3f7/Estudos/a-project-with-firebase/node_modules/firebase-functions/lib/index.js\"}}"}}
[debug] [2022-01-29T18:16:34.769Z] [runtime-status] [13874] Resolved module firebase-functions {"declared":true,"installed":true,"version":"3.16.0","resolution":"/media/eder/04d8de7a-fcca-4385-bd58-ebf275fcd3f7/Estudos/a-project-with-firebase/node_modules/firebase-functions/lib/index.js"} {"metadata":{"emulator":{"name":"functions"},"function":{"name":"us-central1-app"},"message":"[runtime-status] [13874] Resolved module firebase-functions {\"declared\":true,\"installed\":true,\"version\":\"3.16.0\",\"resolution\":\"/media/eder/04d8de7a-fcca-4385-bd58-ebf275fcd3f7/Estudos/a-project-with-firebase/node_modules/firebase-functions/lib/index.js\"}"}}
[debug] [2022-01-29T18:16:34.769Z] [runtime-status] [13874] Resolved module firebase-admin {"declared":true,"installed":true,"version":"9.12.0","resolution":"/media/eder/04d8de7a-fcca-4385-bd58-ebf275fcd3f7/Estudos/a-project-with-firebase/node_modules/firebase-admin/lib/index.js"} {"metadata":{"emulator":{"name":"functions"},"function":{"name":"us-central1-app"},"message":"[runtime-status] [13874] Resolved module firebase-admin {\"declared\":true,\"installed\":true,\"version\":\"9.12.0\",\"resolution\":\"/media/eder/04d8de7a-fcca-4385-bd58-ebf275fcd3f7/Estudos/a-project-with-firebase/node_modules/firebase-admin/lib/index.js\"}"}}
[debug] [2022-01-29T18:16:34.770Z] [runtime-status] [13874] Resolved module firebase-functions {"declared":true,"installed":true,"version":"3.16.0","resolution":"/media/eder/04d8de7a-fcca-4385-bd58-ebf275fcd3f7/Estudos/a-project-with-firebase/node_modules/firebase-functions/lib/index.js"} {"metadata":{"emulator":{"name":"functions"},"function":{"name":"us-central1-app"},"message":"[runtime-status] [13874] Resolved module firebase-functions {\"declared\":true,\"installed\":true,\"version\":\"3.16.0\",\"resolution\":\"/media/eder/04d8de7a-fcca-4385-bd58-ebf275fcd3f7/Estudos/a-project-with-firebase/node_modules/firebase-functions/lib/index.js\"}"}}
[debug] [2022-01-29T18:16:34.770Z] [runtime-status] [13874] firebase-admin has been stubbed. {"adminResolution":{"declared":true,"installed":true,"version":"9.12.0","resolution":"/media/eder/04d8de7a-fcca-4385-bd58-ebf275fcd3f7/Estudos/a-project-with-firebase/node_modules/firebase-admin/lib/index.js"}} {"metadata":{"emulator":{"name":"functions"},"function":{"name":"us-central1-app"},"message":"[runtime-status] [13874] firebase-admin has been stubbed. {\"adminResolution\":{\"declared\":true,\"installed\":true,\"version\":\"9.12.0\",\"resolution\":\"/media/eder/04d8de7a-fcca-4385-bd58-ebf275fcd3f7/Estudos/a-project-with-firebase/node_modules/firebase-admin/lib/index.js\"}}"}}
[debug] [2022-01-29T18:16:35.132Z] [runtime-status] [13874] Trigger "us-central1-app" has been found, beginning invocation! {"metadata":{"emulator":{"name":"functions"},"function":{"name":"us-central1-app"},"message":"[runtime-status] [13874] Trigger \"us-central1-app\" has been found, beginning invocation!"}}
[info] i  functions: Beginning execution of "us-central1-app" {"metadata":{"emulator":{"name":"functions"},"function":{"name":"us-central1-app"},"message":"Beginning execution of \"us-central1-app\""}}
[debug] [2022-01-29T18:16:35.133Z] [runtime-status] [13874] triggerDefinition {"httpsTrigger":{},"name":"app","entryPoint":"app","regions":["us-central1"],"region":"us-central1","id":"us-central1-app","platform":"gcfv1"} {"metadata":{"emulator":{"name":"functions"},"function":{"name":"us-central1-app"},"message":"[runtime-status] [13874] triggerDefinition {\"httpsTrigger\":{},\"name\":\"app\",\"entryPoint\":\"app\",\"regions\":[\"us-central1\"],\"region\":\"us-central1\",\"id\":\"us-central1-app\",\"platform\":\"gcfv1\"}"}}
[debug] [2022-01-29T18:16:35.133Z] [runtime-status] [13874] Running us-central1-app in signature http {"metadata":{"emulator":{"name":"functions"},"function":{"name":"us-central1-app"},"message":"[runtime-status] [13874] Running us-central1-app in signature http"}}
[debug] [2022-01-29T18:16:35.138Z] [runtime-status] [13874] Attempting to listen to socketPath: /tmp/fire_emu_13874.sock {"metadata":{"emulator":{"name":"functions"},"function":{"name":"us-central1-app"},"message":"[runtime-status] [13874] Attempting to listen to socketPath: /tmp/fire_emu_13874.sock"}}
[info] >  events.js:291 {"user":"events.js:291","metadata":{"emulator":{"name":"functions"},"function":{"name":"us-central1-app"},"message":"\u001b[90m> \u001b[39m events.js:291"}}
[info] >        throw er; // Unhandled 'error' event {"user":"      throw er; // Unhandled 'error' event","metadata":{"emulator":{"name":"functions"},"function":{"name":"us-central1-app"},"message":"\u001b[90m> \u001b[39m       throw er; // Unhandled 'error' event"}}
[info] >        ^ {"user":"      ^","metadata":{"emulator":{"name":"functions"},"function":{"name":"us-central1-app"},"message":"\u001b[90m> \u001b[39m       ^"}}
[info] >   {"user":"","metadata":{"emulator":{"name":"functions"},"function":{"name":"us-central1-app"},"message":"\u001b[90m> \u001b[39m "}}
[info] >  Error: listen EADDRINUSE: address already in use :::80 {"user":"Error: listen EADDRINUSE: address already in use :::80","metadata":{"emulator":{"name":"functions"},"function":{"name":"us-central1-app"},"message":"\u001b[90m> \u001b[39m Error: listen EADDRINUSE: address already in use :::80"}}
[info] >      at Server.setupListenHandle [as _listen2] (net.js:1316:16) {"user":"    at Server.setupListenHandle [as _listen2] (net.js:1316:16)","metadata":{"emulator":{"name":"functions"},"function":{"name":"us-central1-app"},"message":"\u001b[90m> \u001b[39m     at Server.setupListenHandle [as _listen2] (net.js:1316:16)"}}
[info] >      at listenInCluster (net.js:1364:12) {"user":"    at listenInCluster (net.js:1364:12)","metadata":{"emulator":{"name":"functions"},"function":{"name":"us-central1-app"},"message":"\u001b[90m> \u001b[39m     at listenInCluster (net.js:1364:12)"}}
[info] >      at Server.listen (net.js:1450:7) {"user":"    at Server.listen (net.js:1450:7)","metadata":{"emulator":{"name":"functions"},"function":{"name":"us-central1-app"},"message":"\u001b[90m> \u001b[39m     at Server.listen (net.js:1450:7)"}}
[info] >      at Function.listen (/media/eder/04d8de7a-fcca-4385-bd58-ebf275fcd3f7/Estudos/a-project-with-firebase/node_modules/express/lib/application.js:618:24) {"user":"    at Function.listen (/media/eder/04d8de7a-fcca-4385-bd58-ebf275fcd3f7/Estudos/a-project-with-firebase/node_modules/express/lib/application.js:618:24)","metadata":{"emulator":{"name":"functions"},"function":{"name":"us-central1-app"},"message":"\u001b[90m> \u001b[39m     at Function.listen (/media/eder/04d8de7a-fcca-4385-bd58-ebf275fcd3f7/Estudos/a-project-with-firebase/node_modules/express/lib/application.js:618:24)"}}
[info] >      at Object.<anonymous> (/media/eder/04d8de7a-fcca-4385-bd58-ebf275fcd3f7/Estudos/a-project-with-firebase/index.js:21:5) {"user":"    at Object.<anonymous> (/media/eder/04d8de7a-fcca-4385-bd58-ebf275fcd3f7/Estudos/a-project-with-firebase/index.js:21:5)","metadata":{"emulator":{"name":"functions"},"function":{"name":"us-central1-app"},"message":"\u001b[90m> \u001b[39m     at Object.<anonymous> (/media/eder/04d8de7a-fcca-4385-bd58-ebf275fcd3f7/Estudos/a-project-with-firebase/index.js:21:5)"}}
[info] >      at Module._compile (internal/modules/cjs/loader.js:999:30) {"user":"    at Module._compile (internal/modules/cjs/loader.js:999:30)","metadata":{"emulator":{"name":"functions"},"function":{"name":"us-central1-app"},"message":"\u001b[90m> \u001b[39m     at Module._compile (internal/modules/cjs/loader.js:999:30)"}}
[info] >      at Object.Module._extensions..js (internal/modules/cjs/loader.js:1027:10) {"user":"    at Object.Module._extensions..js (internal/modules/cjs/loader.js:1027:10)","metadata":{"emulator":{"name":"functions"},"function":{"name":"us-central1-app"},"message":"\u001b[90m> \u001b[39m     at Object.Module._extensions..js (internal/modules/cjs/loader.js:1027:10)"}}
[info] >      at Module.load (internal/modules/cjs/loader.js:863:32) {"user":"    at Module.load (internal/modules/cjs/loader.js:863:32)","metadata":{"emulator":{"name":"functions"},"function":{"name":"us-central1-app"},"message":"\u001b[90m> \u001b[39m     at Module.load (internal/modules/cjs/loader.js:863:32)"}}
[info] >      at Function.Module._load (internal/modules/cjs/loader.js:708:14) {"user":"    at Function.Module._load (internal/modules/cjs/loader.js:708:14)","metadata":{"emulator":{"name":"functions"},"function":{"name":"us-central1-app"},"message":"\u001b[90m> \u001b[39m     at Function.Module._load (internal/modules/cjs/loader.js:708:14)"}}
[info] >      at Module.require (internal/modules/cjs/loader.js:887:19) {"user":"    at Module.require (internal/modules/cjs/loader.js:887:19)","metadata":{"emulator":{"name":"functions"},"function":{"name":"us-central1-app"},"message":"\u001b[90m> \u001b[39m     at Module.require (internal/modules/cjs/loader.js:887:19)"}}
[info] >      at require (internal/modules/cjs/helpers.js:74:18) {"user":"    at require (internal/modules/cjs/helpers.js:74:18)","metadata":{"emulator":{"name":"functions"},"function":{"name":"us-central1-app"},"message":"\u001b[90m> \u001b[39m     at require (internal/modules/cjs/helpers.js:74:18)"}}
[info] >      at initializeRuntime (/usr/local/lib/node_modules/firebase-tools/lib/emulator/functionsEmulatorRuntime.js:655:29) {"user":"    at initializeRuntime (/usr/local/lib/node_modules/firebase-tools/lib/emulator/functionsEmulatorRuntime.js:655:29)","metadata":{"emulator":{"name":"functions"},"function":{"name":"us-central1-app"},"message":"\u001b[90m> \u001b[39m     at initializeRuntime (/usr/local/lib/node_modules/firebase-tools/lib/emulator/functionsEmulatorRuntime.js:655:29)"}}
[info] >      at processTicksAndRejections (internal/process/task_queues.js:97:5) {"user":"    at processTicksAndRejections (internal/process/task_queues.js:97:5)","metadata":{"emulator":{"name":"functions"},"function":{"name":"us-central1-app"},"message":"\u001b[90m> \u001b[39m     at processTicksAndRejections (internal/process/task_queues.js:97:5)"}}
[info] >      at async handleMessage (/usr/local/lib/node_modules/firebase-tools/lib/emulator/functionsEmulatorRuntime.js:699:20) {"user":"    at async handleMessage (/usr/local/lib/node_modules/firebase-tools/lib/emulator/functionsEmulatorRuntime.js:699:20)","metadata":{"emulator":{"name":"functions"},"function":{"name":"us-central1-app"},"message":"\u001b[90m> \u001b[39m     at async handleMessage (/usr/local/lib/node_modules/firebase-tools/lib/emulator/functionsEmulatorRuntime.js:699:20)"}}
[info] >  Emitted 'error' event on Server instance at: {"user":"Emitted 'error' event on Server instance at:","metadata":{"emulator":{"name":"functions"},"function":{"name":"us-central1-app"},"message":"\u001b[90m> \u001b[39m Emitted 'error' event on Server instance at:"}}
[info] >      at emitErrorNT (net.js:1343:8) {"user":"    at emitErrorNT (net.js:1343:8)","metadata":{"emulator":{"name":"functions"},"function":{"name":"us-central1-app"},"message":"\u001b[90m> \u001b[39m     at emitErrorNT (net.js:1343:8)"}}
[info] >      at processTicksAndRejections (internal/process/task_queues.js:84:21) { {"user":"    at processTicksAndRejections (internal/process/task_queues.js:84:21) {","metadata":{"emulator":{"name":"functions"},"function":{"name":"us-central1-app"},"message":"\u001b[90m> \u001b[39m     at processTicksAndRejections (internal/process/task_queues.js:84:21) {"}}
[info] >    code: 'EADDRINUSE', {"user":"  code: 'EADDRINUSE',","metadata":{"emulator":{"name":"functions"},"function":{"name":"us-central1-app"},"message":"\u001b[90m> \u001b[39m   code: 'EADDRINUSE',"}}
[info] >    errno: 'EADDRINUSE', {"user":"  errno: 'EADDRINUSE',","metadata":{"emulator":{"name":"functions"},"function":{"name":"us-central1-app"},"message":"\u001b[90m> \u001b[39m   errno: 'EADDRINUSE',"}}
[info] >    syscall: 'listen', {"user":"  syscall: 'listen',","metadata":{"emulator":{"name":"functions"},"function":{"name":"us-central1-app"},"message":"\u001b[90m> \u001b[39m   syscall: 'listen',"}}
[info] >    address: '::', {"user":"  address: '::',","metadata":{"emulator":{"name":"functions"},"function":{"name":"us-central1-app"},"message":"\u001b[90m> \u001b[39m   address: '::',"}}
[info] >    port: 80 {"user":"  port: 80","metadata":{"emulator":{"name":"functions"},"function":{"name":"us-central1-app"},"message":"\u001b[90m> \u001b[39m   port: 80"}}
[info] >  } {"user":"}","metadata":{"emulator":{"name":"functions"},"function":{"name":"us-central1-app"},"message":"\u001b[90m> \u001b[39m }"}}
[debug] [2022-01-29T18:16:35.151Z] [worker-us-central1-app-9d4d5d5d-6792-4035-8568-eb4dd6c9818b]: exited {"metadata":{"emulator":{"name":"functions"},"message":"[worker-us-central1-app-9d4d5d5d-6792-4035-8568-eb4dd6c9818b]: exited"}}
[debug] [2022-01-29T18:16:35.151Z] [worker-us-central1-app-9d4d5d5d-6792-4035-8568-eb4dd6c9818b]: FINISHED {"metadata":{"emulator":{"name":"functions"},"message":"[worker-us-central1-app-9d4d5d5d-6792-4035-8568-eb4dd6c9818b]: FINISHED"}}
[debug] [2022-01-29T18:16:40.662Z] Functions emulator received unknown request at path /
[debug] [2022-01-29T18:17:41.629Z] File /media/eder/04d8de7a-fcca-4385-bd58-ebf275fcd3f7/Estudos/a-project-with-firebase/README.md changed, reloading triggers {"metadata":{"emulator":{"name":"functions"},"message":"File /media/eder/04d8de7a-fcca-4385-bd58-ebf275fcd3f7/Estudos/a-project-with-firebase/README.md changed, reloading triggers"}}
[debug] [2022-01-29T18:17:42.631Z] [worker-pool] Shutting down IDLE worker (~diagnostic~) {"metadata":{"emulator":{"name":"functions"},"message":"[worker-pool] Shutting down IDLE worker (~diagnostic~)"}}
[debug] [2022-01-29T18:17:42.631Z] [worker-~diagnostic~-ec4898e0-c149-4254-9b4a-fda738a7afbf]: FINISHING {"metadata":{"emulator":{"name":"functions"},"message":"[worker-~diagnostic~-ec4898e0-c149-4254-9b4a-fda738a7afbf]: FINISHING"}}
[debug] [2022-01-29T18:17:42.632Z] [worker-pool] Cleaned up workers for us-central1-app: 1 --> 0 {"metadata":{"emulator":{"name":"functions"},"message":"[worker-pool] Cleaned up workers for us-central1-app: 1 --> 0"}}
[debug] [2022-01-29T18:17:42.641Z] [worker-pool] addWorker(~diagnostic~) {"metadata":{"emulator":{"name":"functions"},"message":"[worker-pool] addWorker(~diagnostic~)"}}
[debug] [2022-01-29T18:17:42.641Z] [worker-pool] Adding worker with key ~diagnostic~, total=2 {"metadata":{"emulator":{"name":"functions"},"message":"[worker-pool] Adding worker with key ~diagnostic~, total=2"}}
[debug] [2022-01-29T18:17:42.641Z] [worker-pool] submitWork(triggerId=) {"metadata":{"emulator":{"name":"functions"},"message":"[worker-pool] submitWork(triggerId=)"}}
[debug] [2022-01-29T18:17:42.642Z] [worker-~diagnostic~-70992e8c-2d70-40d5-ab30-f689194dfed7]: Assigning socketPath: /tmp/fire_emu_14145.sock {"metadata":{"emulator":{"name":"functions"},"message":"[worker-~diagnostic~-70992e8c-2d70-40d5-ab30-f689194dfed7]: Assigning socketPath: /tmp/fire_emu_14145.sock"}}
[debug] [2022-01-29T18:17:42.642Z] [worker-~diagnostic~-70992e8c-2d70-40d5-ab30-f689194dfed7]: BUSY {"metadata":{"emulator":{"name":"functions"},"message":"[worker-~diagnostic~-70992e8c-2d70-40d5-ab30-f689194dfed7]: BUSY"}}
[debug] [2022-01-29T18:17:42.656Z] [worker-~diagnostic~-ec4898e0-c149-4254-9b4a-fda738a7afbf]: exited {"metadata":{"emulator":{"name":"functions"},"message":"[worker-~diagnostic~-ec4898e0-c149-4254-9b4a-fda738a7afbf]: exited"}}
[debug] [2022-01-29T18:17:42.656Z] [worker-~diagnostic~-ec4898e0-c149-4254-9b4a-fda738a7afbf]: FINISHED {"metadata":{"emulator":{"name":"functions"},"message":"[worker-~diagnostic~-ec4898e0-c149-4254-9b4a-fda738a7afbf]: FINISHED"}}
[debug] [2022-01-29T18:17:42.727Z] [runtime-status] [14145] Functions runtime initialized. {"cwd":"/media/eder/04d8de7a-fcca-4385-bd58-ebf275fcd3f7/Estudos/a-project-with-firebase","node_version":"12.22.8"} {"metadata":{"emulator":{"name":"functions"},"message":"[runtime-status] [14145] Functions runtime initialized. {\"cwd\":\"/media/eder/04d8de7a-fcca-4385-bd58-ebf275fcd3f7/Estudos/a-project-with-firebase\",\"node_version\":\"12.22.8\"}"}}
[debug] [2022-01-29T18:17:42.728Z] [runtime-status] [14145] Disabled runtime features: undefined {"metadata":{"emulator":{"name":"functions"},"message":"[runtime-status] [14145] Disabled runtime features: undefined"}}
[debug] [2022-01-29T18:17:42.730Z] [runtime-status] [14145] Resolved module firebase-admin {"declared":true,"installed":true,"version":"9.12.0","resolution":"/media/eder/04d8de7a-fcca-4385-bd58-ebf275fcd3f7/Estudos/a-project-with-firebase/node_modules/firebase-admin/lib/index.js"} {"metadata":{"emulator":{"name":"functions"},"message":"[runtime-status] [14145] Resolved module firebase-admin {\"declared\":true,\"installed\":true,\"version\":\"9.12.0\",\"resolution\":\"/media/eder/04d8de7a-fcca-4385-bd58-ebf275fcd3f7/Estudos/a-project-with-firebase/node_modules/firebase-admin/lib/index.js\"}"}}
[debug] [2022-01-29T18:17:42.732Z] [runtime-status] [14145] Resolved module firebase-functions {"declared":true,"installed":true,"version":"3.16.0","resolution":"/media/eder/04d8de7a-fcca-4385-bd58-ebf275fcd3f7/Estudos/a-project-with-firebase/node_modules/firebase-functions/lib/index.js"} {"metadata":{"emulator":{"name":"functions"},"message":"[runtime-status] [14145] Resolved module firebase-functions {\"declared\":true,\"installed\":true,\"version\":\"3.16.0\",\"resolution\":\"/media/eder/04d8de7a-fcca-4385-bd58-ebf275fcd3f7/Estudos/a-project-with-firebase/node_modules/firebase-functions/lib/index.js\"}"}}
[debug] [2022-01-29T18:17:42.733Z] [runtime-status] [14145] Outgoing network have been stubbed. [{"name":"http","status":"mocked"},{"name":"http","status":"mocked"},{"name":"https","status":"mocked"},{"name":"https","status":"mocked"},{"name":"net","status":"mocked"}] {"metadata":{"emulator":{"name":"functions"},"message":"[runtime-status] [14145] Outgoing network have been stubbed. [{\"name\":\"http\",\"status\":\"mocked\"},{\"name\":\"http\",\"status\":\"mocked\"},{\"name\":\"https\",\"status\":\"mocked\"},{\"name\":\"https\",\"status\":\"mocked\"},{\"name\":\"net\",\"status\":\"mocked\"}]"}}
[debug] [2022-01-29T18:17:42.734Z] [runtime-status] [14145] Resolved module firebase-functions {"declared":true,"installed":true,"version":"3.16.0","resolution":"/media/eder/04d8de7a-fcca-4385-bd58-ebf275fcd3f7/Estudos/a-project-with-firebase/node_modules/firebase-functions/lib/index.js"} {"metadata":{"emulator":{"name":"functions"},"message":"[runtime-status] [14145] Resolved module firebase-functions {\"declared\":true,\"installed\":true,\"version\":\"3.16.0\",\"resolution\":\"/media/eder/04d8de7a-fcca-4385-bd58-ebf275fcd3f7/Estudos/a-project-with-firebase/node_modules/firebase-functions/lib/index.js\"}"}}
[debug] [2022-01-29T18:17:42.760Z] [runtime-status] [14145] Checked functions.config() {"config":{}} {"metadata":{"emulator":{"name":"functions"},"message":"[runtime-status] [14145] Checked functions.config() {\"config\":{}}"}}
[debug] [2022-01-29T18:17:42.760Z] [runtime-status] [14145] firebase-functions has been stubbed. {"functionsResolution":{"declared":true,"installed":true,"version":"3.16.0","resolution":"/media/eder/04d8de7a-fcca-4385-bd58-ebf275fcd3f7/Estudos/a-project-with-firebase/node_modules/firebase-functions/lib/index.js"}} {"metadata":{"emulator":{"name":"functions"},"message":"[runtime-status] [14145] firebase-functions has been stubbed. {\"functionsResolution\":{\"declared\":true,\"installed\":true,\"version\":\"3.16.0\",\"resolution\":\"/media/eder/04d8de7a-fcca-4385-bd58-ebf275fcd3f7/Estudos/a-project-with-firebase/node_modules/firebase-functions/lib/index.js\"}}"}}
[debug] [2022-01-29T18:17:42.760Z] [runtime-status] [14145] Resolved module firebase-functions {"declared":true,"installed":true,"version":"3.16.0","resolution":"/media/eder/04d8de7a-fcca-4385-bd58-ebf275fcd3f7/Estudos/a-project-with-firebase/node_modules/firebase-functions/lib/index.js"} {"metadata":{"emulator":{"name":"functions"},"message":"[runtime-status] [14145] Resolved module firebase-functions {\"declared\":true,\"installed\":true,\"version\":\"3.16.0\",\"resolution\":\"/media/eder/04d8de7a-fcca-4385-bd58-ebf275fcd3f7/Estudos/a-project-with-firebase/node_modules/firebase-functions/lib/index.js\"}"}}
[debug] [2022-01-29T18:17:42.762Z] [runtime-status] [14145] Resolved module firebase-admin {"declared":true,"installed":true,"version":"9.12.0","resolution":"/media/eder/04d8de7a-fcca-4385-bd58-ebf275fcd3f7/Estudos/a-project-with-firebase/node_modules/firebase-admin/lib/index.js"} {"metadata":{"emulator":{"name":"functions"},"message":"[runtime-status] [14145] Resolved module firebase-admin {\"declared\":true,\"installed\":true,\"version\":\"9.12.0\",\"resolution\":\"/media/eder/04d8de7a-fcca-4385-bd58-ebf275fcd3f7/Estudos/a-project-with-firebase/node_modules/firebase-admin/lib/index.js\"}"}}
[debug] [2022-01-29T18:17:42.762Z] [runtime-status] [14145] Resolved module firebase-functions {"declared":true,"installed":true,"version":"3.16.0","resolution":"/media/eder/04d8de7a-fcca-4385-bd58-ebf275fcd3f7/Estudos/a-project-with-firebase/node_modules/firebase-functions/lib/index.js"} {"metadata":{"emulator":{"name":"functions"},"message":"[runtime-status] [14145] Resolved module firebase-functions {\"declared\":true,\"installed\":true,\"version\":\"3.16.0\",\"resolution\":\"/media/eder/04d8de7a-fcca-4385-bd58-ebf275fcd3f7/Estudos/a-project-with-firebase/node_modules/firebase-functions/lib/index.js\"}"}}
[debug] [2022-01-29T18:17:42.762Z] [runtime-status] [14145] firebase-admin has been stubbed. {"adminResolution":{"declared":true,"installed":true,"version":"9.12.0","resolution":"/media/eder/04d8de7a-fcca-4385-bd58-ebf275fcd3f7/Estudos/a-project-with-firebase/node_modules/firebase-admin/lib/index.js"}} {"metadata":{"emulator":{"name":"functions"},"message":"[runtime-status] [14145] firebase-admin has been stubbed. {\"adminResolution\":{\"declared\":true,\"installed\":true,\"version\":\"9.12.0\",\"resolution\":\"/media/eder/04d8de7a-fcca-4385-bd58-ebf275fcd3f7/Estudos/a-project-with-firebase/node_modules/firebase-admin/lib/index.js\"}}"}}
[debug] [2022-01-29T18:17:43.277Z] [worker-~diagnostic~-70992e8c-2d70-40d5-ab30-f689194dfed7]: IDLE {"metadata":{"emulator":{"name":"functions"},"message":"[worker-~diagnostic~-70992e8c-2d70-40d5-ab30-f689194dfed7]: IDLE"}}
[info] >  Listening on port 80 {"user":"Listening on port 80","metadata":{"emulator":{"name":"functions"},"message":"\u001b[90m> \u001b[39m Listening on port 80"}}
[info] >  (node:14145) DeprecationWarning: loaderUtils.parseQuery() received a non-string value which can be problematic, see https://github.com/webpack/loader-utils/issues/56 {"user":"(node:14145) DeprecationWarning: loaderUtils.parseQuery() received a non-string value which can be problematic, see https://github.com/webpack/loader-utils/issues/56","metadata":{"emulator":{"name":"functions"},"message":"\u001b[90m> \u001b[39m (node:14145) DeprecationWarning: loaderUtils.parseQuery() received a non-string value which can be problematic, see https://github.com/webpack/loader-utils/issues/56"}}
[info] >  parseQuery() will be replaced with getOptions() in the next major version of loader-utils. {"user":"parseQuery() will be replaced with getOptions() in the next major version of loader-utils.","metadata":{"emulator":{"name":"functions"},"message":"\u001b[90m> \u001b[39m parseQuery() will be replaced with getOptions() in the next major version of loader-utils."}}
[info] >  Hash: 03c2963596a6cb9da8bf {"user":"Hash: 03c2963596a6cb9da8bf","metadata":{"emulator":{"name":"functions"},"message":"\u001b[90m> \u001b[39m Hash: 03c2963596a6cb9da8bf"}}
[info] >  Version: webpack 2.7.0 {"user":"Version: webpack 2.7.0","metadata":{"emulator":{"name":"functions"},"message":"\u001b[90m> \u001b[39m Version: webpack 2.7.0"}}
[info] >  Time: 5291ms {"user":"Time: 5291ms","metadata":{"emulator":{"name":"functions"},"message":"\u001b[90m> \u001b[39m Time: 5291ms"}}
[info] >                              Asset       Size  Chunks                    Chunk Names {"user":"                            Asset       Size  Chunks                    Chunk Names","metadata":{"emulator":{"name":"functions"},"message":"\u001b[90m> \u001b[39m                             Asset       Size  Chunks                    Chunk Names"}}
[info] >             form.03c29635bundle.js    3.16 kB       0  [emitted]         form {"user":"           form.03c29635bundle.js    3.16 kB       0  [emitted]         form","metadata":{"emulator":{"name":"functions"},"message":"\u001b[90m> \u001b[39m            form.03c29635bundle.js    3.16 kB       0  [emitted]         form"}}
[info] >     confFirebase.03c29635bundle.js  443 bytes       1  [emitted]         confFirebase {"user":"   confFirebase.03c29635bundle.js  443 bytes       1  [emitted]         confFirebase","metadata":{"emulator":{"name":"functions"},"message":"\u001b[90m> \u001b[39m    confFirebase.03c29635bundle.js  443 bytes       1  [emitted]         confFirebase"}}
[info] >     authFirebase.03c29635bundle.js    3.63 kB       2  [emitted]         authFirebase {"user":"   authFirebase.03c29635bundle.js    3.63 kB       2  [emitted]         authFirebase","metadata":{"emulator":{"name":"functions"},"message":"\u001b[90m> \u001b[39m    authFirebase.03c29635bundle.js    3.63 kB       2  [emitted]         authFirebase"}}
[info] >            utils.03c29635bundle.js   26 bytes       3  [emitted]         utils {"user":"          utils.03c29635bundle.js   26 bytes       3  [emitted]         utils","metadata":{"emulator":{"name":"functions"},"message":"\u001b[90m> \u001b[39m           utils.03c29635bundle.js   26 bytes       3  [emitted]         utils"}}
[info] >         commons.03c29635.bundle.js     925 kB       4  [emitted]  [big]  commons {"user":"       commons.03c29635.bundle.js     925 kB       4  [emitted]  [big]  commons","metadata":{"emulator":{"name":"functions"},"message":"\u001b[90m> \u001b[39m        commons.03c29635.bundle.js     925 kB       4  [emitted]  [big]  commons"}}
[info] >        commons.991af320.bundle.css  943 bytes       4  [emitted]         commons {"user":"      commons.991af320.bundle.css  943 bytes       4  [emitted]         commons","metadata":{"emulator":{"name":"functions"},"message":"\u001b[90m> \u001b[39m       commons.991af320.bundle.css  943 bytes       4  [emitted]         commons"}}
[info] >          form.03c29635bundle.js.gz    1.15 kB          [emitted]          {"user":"        form.03c29635bundle.js.gz    1.15 kB          [emitted]         ","metadata":{"emulator":{"name":"functions"},"message":"\u001b[90m> \u001b[39m         form.03c29635bundle.js.gz    1.15 kB          [emitted]         "}}
[info] >  confFirebase.03c29635bundle.js.gz  325 bytes          [emitted]          {"user":"confFirebase.03c29635bundle.js.gz  325 bytes          [emitted]         ","metadata":{"emulator":{"name":"functions"},"message":"\u001b[90m> \u001b[39m confFirebase.03c29635bundle.js.gz  325 bytes          [emitted]         "}}
[info] >  authFirebase.03c29635bundle.js.gz    1.11 kB          [emitted]          {"user":"authFirebase.03c29635bundle.js.gz    1.11 kB          [emitted]         ","metadata":{"emulator":{"name":"functions"},"message":"\u001b[90m> \u001b[39m authFirebase.03c29635bundle.js.gz    1.11 kB          [emitted]         "}}
[info] >     commons.991af320.bundle.css.gz  438 bytes          [emitted]          {"user":"   commons.991af320.bundle.css.gz  438 bytes          [emitted]         ","metadata":{"emulator":{"name":"functions"},"message":"\u001b[90m> \u001b[39m    commons.991af320.bundle.css.gz  438 bytes          [emitted]         "}}
[info] >      commons.03c29635.bundle.js.gz     239 kB          [emitted]          {"user":"    commons.03c29635.bundle.js.gz     239 kB          [emitted]         ","metadata":{"emulator":{"name":"functions"},"message":"\u001b[90m> \u001b[39m     commons.03c29635.bundle.js.gz     239 kB          [emitted]         "}}
[info] >                         index.html  650 bytes          [emitted]          {"user":"                       index.html  650 bytes          [emitted]         ","metadata":{"emulator":{"name":"functions"},"message":"\u001b[90m> \u001b[39m                        index.html  650 bytes          [emitted]         "}}
[info] >  chunk    {0} form.03c29635bundle.js (form) 3.31 kB {4} [initial] [rendered] {"user":"chunk    {0} form.03c29635bundle.js (form) 3.31 kB {4} [initial] [rendered]","metadata":{"emulator":{"name":"functions"},"message":"\u001b[90m> \u001b[39m chunk    {0} form.03c29635bundle.js (form) 3.31 kB {4} [initial] [rendered]"}}
[info] >     [11] ./app/template/form.html 3.18 kB {0} [built] {"user":"   [11] ./app/template/form.html 3.18 kB {0} [built]","metadata":{"emulator":{"name":"functions"},"message":"\u001b[90m> \u001b[39m    [11] ./app/template/form.html 3.18 kB {0} [built]"}}
[info] >     [24] ./app/js/form.js 131 bytes {0} [built] {"user":"   [24] ./app/js/form.js 131 bytes {0} [built]","metadata":{"emulator":{"name":"functions"},"message":"\u001b[90m> \u001b[39m    [24] ./app/js/form.js 131 bytes {0} [built]"}}
[info] >  chunk    {1} confFirebase.03c29635bundle.js (confFirebase) 477 bytes {4} [initial] [rendered] {"user":"chunk    {1} confFirebase.03c29635bundle.js (confFirebase) 477 bytes {4} [initial] [rendered]","metadata":{"emulator":{"name":"functions"},"message":"\u001b[90m> \u001b[39m chunk    {1} confFirebase.03c29635bundle.js (confFirebase) 477 bytes {4} [initial] [rendered]"}}
[info] >     [23] ./app/js/firebase.js 477 bytes {1} [built] {"user":"   [23] ./app/js/firebase.js 477 bytes {1} [built]","metadata":{"emulator":{"name":"functions"},"message":"\u001b[90m> \u001b[39m    [23] ./app/js/firebase.js 477 bytes {1} [built]"}}
[info] >  chunk    {2} authFirebase.03c29635bundle.js (authFirebase) 5.33 kB {4} [initial] [rendered] {"user":"chunk    {2} authFirebase.03c29635bundle.js (authFirebase) 5.33 kB {4} [initial] [rendered]","metadata":{"emulator":{"name":"functions"},"message":"\u001b[90m> \u001b[39m chunk    {2} authFirebase.03c29635bundle.js (authFirebase) 5.33 kB {4} [initial] [rendered]"}}
[info] >     [22] ./app/js/auth.js 5.33 kB {2} [built] {"user":"   [22] ./app/js/auth.js 5.33 kB {2} [built]","metadata":{"emulator":{"name":"functions"},"message":"\u001b[90m> \u001b[39m    [22] ./app/js/auth.js 5.33 kB {2} [built]"}}
[info] >  chunk    {3} utils.03c29635bundle.js (utils) 0 bytes {4} [initial] [rendered] {"user":"chunk    {3} utils.03c29635bundle.js (utils) 0 bytes {4} [initial] [rendered]","metadata":{"emulator":{"name":"functions"},"message":"\u001b[90m> \u001b[39m chunk    {3} utils.03c29635bundle.js (utils) 0 bytes {4} [initial] [rendered]"}}
[info] >  chunk    {4} commons.03c29635.bundle.js, commons.991af320.bundle.css (commons) 2.43 MB [entry] [rendered] {"user":"chunk    {4} commons.03c29635.bundle.js, commons.991af320.bundle.css (commons) 2.43 MB [entry] [rendered]","metadata":{"emulator":{"name":"functions"},"message":"\u001b[90m> \u001b[39m chunk    {4} commons.03c29635.bundle.js, commons.991af320.bundle.css (commons) 2.43 MB [entry] [rendered]"}}
[info] >      [0] ./~/tslib/tslib.es6.js 9.44 kB {4} [built] {"user":"    [0] ./~/tslib/tslib.es6.js 9.44 kB {4} [built]","metadata":{"emulator":{"name":"functions"},"message":"\u001b[90m> \u001b[39m     [0] ./~/tslib/tslib.es6.js 9.44 kB {4} [built]"}}
[info] >      [1] ./~/@firebase/app/dist/index.cjs.js 26.9 kB {4} [built] {"user":"    [1] ./~/@firebase/app/dist/index.cjs.js 26.9 kB {4} [built]","metadata":{"emulator":{"name":"functions"},"message":"\u001b[90m> \u001b[39m     [1] ./~/@firebase/app/dist/index.cjs.js 26.9 kB {4} [built]"}}
[info] >      [2] ./~/@firebase/component/dist/index.cjs.js 13.3 kB {4} [built] {"user":"    [2] ./~/@firebase/component/dist/index.cjs.js 13.3 kB {4} [built]","metadata":{"emulator":{"name":"functions"},"message":"\u001b[90m> \u001b[39m     [2] ./~/@firebase/component/dist/index.cjs.js 13.3 kB {4} [built]"}}
[info] >      [6] ./~/firebase/dist/index.cjs.js 2.61 kB {4} [built] {"user":"    [6] ./~/firebase/dist/index.cjs.js 2.61 kB {4} [built]","metadata":{"emulator":{"name":"functions"},"message":"\u001b[90m> \u001b[39m     [6] ./~/firebase/dist/index.cjs.js 2.61 kB {4} [built]"}}
[info] >     [10] ./app/js/utils.js 3.89 kB {4} [built] {"user":"   [10] ./app/js/utils.js 3.89 kB {4} [built]","metadata":{"emulator":{"name":"functions"},"message":"\u001b[90m> \u001b[39m    [10] ./app/js/utils.js 3.89 kB {4} [built]"}}
[info] >     [12] ./~/@firebase/analytics/dist/index.esm.js 22.6 kB {4} [built] {"user":"   [12] ./~/@firebase/analytics/dist/index.esm.js 22.6 kB {4} [built]","metadata":{"emulator":{"name":"functions"},"message":"\u001b[90m> \u001b[39m    [12] ./~/@firebase/analytics/dist/index.esm.js 22.6 kB {4} [built]"}}
[info] >     [13] ./~/@firebase/auth/dist/auth.esm.js 167 kB {4} [built] {"user":"   [13] ./~/@firebase/auth/dist/auth.esm.js 167 kB {4} [built]","metadata":{"emulator":{"name":"functions"},"message":"\u001b[90m> \u001b[39m    [13] ./~/@firebase/auth/dist/auth.esm.js 167 kB {4} [built]"}}
[info] >     [14] ./~/@firebase/database/dist/index.cjs.js 609 kB {4} [built] {"user":"   [14] ./~/@firebase/database/dist/index.cjs.js 609 kB {4} [built]","metadata":{"emulator":{"name":"functions"},"message":"\u001b[90m> \u001b[39m    [14] ./~/@firebase/database/dist/index.cjs.js 609 kB {4} [built]"}}
[info] >     [15] ./~/@firebase/firestore/dist/index.cjs.js 1.07 MB {4} [built] {"user":"   [15] ./~/@firebase/firestore/dist/index.cjs.js 1.07 MB {4} [built]","metadata":{"emulator":{"name":"functions"},"message":"\u001b[90m> \u001b[39m    [15] ./~/@firebase/firestore/dist/index.cjs.js 1.07 MB {4} [built]"}}
[info] >     [16] ./~/@firebase/functions/dist/index.cjs.js 25.1 kB {4} [built] {"user":"   [16] ./~/@firebase/functions/dist/index.cjs.js 25.1 kB {4} [built]","metadata":{"emulator":{"name":"functions"},"message":"\u001b[90m> \u001b[39m    [16] ./~/@firebase/functions/dist/index.cjs.js 25.1 kB {4} [built]"}}
[info] >     [17] ./~/@firebase/messaging/dist/index.esm.js 71.5 kB {4} [built] {"user":"   [17] ./~/@firebase/messaging/dist/index.esm.js 71.5 kB {4} [built]","metadata":{"emulator":{"name":"functions"},"message":"\u001b[90m> \u001b[39m    [17] ./~/@firebase/messaging/dist/index.esm.js 71.5 kB {4} [built]"}}
[info] >     [18] ./~/@firebase/performance/dist/index.cjs.js 53.7 kB {4} [built] {"user":"   [18] ./~/@firebase/performance/dist/index.cjs.js 53.7 kB {4} [built]","metadata":{"emulator":{"name":"functions"},"message":"\u001b[90m> \u001b[39m    [18] ./~/@firebase/performance/dist/index.cjs.js 53.7 kB {4} [built]"}}
[info] >     [19] ./~/@firebase/remote-config/dist/index.cjs.js 57.4 kB {4} [built] {"user":"   [19] ./~/@firebase/remote-config/dist/index.cjs.js 57.4 kB {4} [built]","metadata":{"emulator":{"name":"functions"},"message":"\u001b[90m> \u001b[39m    [19] ./~/@firebase/remote-config/dist/index.cjs.js 57.4 kB {4} [built]"}}
[info] >     [20] ./~/@firebase/storage/dist/index.esm.js 127 kB {4} [built] {"user":"   [20] ./~/@firebase/storage/dist/index.esm.js 127 kB {4} [built]","metadata":{"emulator":{"name":"functions"},"message":"\u001b[90m> \u001b[39m    [20] ./~/@firebase/storage/dist/index.esm.js 127 kB {4} [built]"}}
[info] >     [25] ./app/css/styles.scss 41 bytes {4} [built] {"user":"   [25] ./app/css/styles.scss 41 bytes {4} [built]","metadata":{"emulator":{"name":"functions"},"message":"\u001b[90m> \u001b[39m    [25] ./app/css/styles.scss 41 bytes {4} [built]"}}
[info] >       + 7 hidden modules {"user":"     + 7 hidden modules","metadata":{"emulator":{"name":"functions"},"message":"\u001b[90m> \u001b[39m      + 7 hidden modules"}}
[info] >  Child html-webpack-plugin for "index.html": {"user":"Child html-webpack-plugin for \"index.html\":","metadata":{"emulator":{"name":"functions"},"message":"\u001b[90m> \u001b[39m Child html-webpack-plugin for \"index.html\":"}}
[info] >           Asset     Size  Chunks  Chunk Names {"user":"         Asset     Size  Chunks  Chunk Names","metadata":{"emulator":{"name":"functions"},"message":"\u001b[90m> \u001b[39m          Asset     Size  Chunks  Chunk Names"}}
[info] >      index.html  3.11 kB       0   {"user":"    index.html  3.11 kB       0  ","metadata":{"emulator":{"name":"functions"},"message":"\u001b[90m> \u001b[39m     index.html  3.11 kB       0  "}}
[info] >      chunk    {0} index.html 441 bytes [entry] [rendered] {"user":"    chunk    {0} index.html 441 bytes [entry] [rendered]","metadata":{"emulator":{"name":"functions"},"message":"\u001b[90m> \u001b[39m     chunk    {0} index.html 441 bytes [entry] [rendered]"}}
[info] >          [0] ./~/html-webpack-plugin/lib/loader.js!./index.html 441 bytes {0} [built] {"user":"        [0] ./~/html-webpack-plugin/lib/loader.js!./index.html 441 bytes {0} [built]","metadata":{"emulator":{"name":"functions"},"message":"\u001b[90m> \u001b[39m         [0] ./~/html-webpack-plugin/lib/loader.js!./index.html 441 bytes {0} [built]"}}
[info] >  Child extract-text-webpack-plugin: {"user":"Child extract-text-webpack-plugin:","metadata":{"emulator":{"name":"functions"},"message":"\u001b[90m> \u001b[39m Child extract-text-webpack-plugin:"}}
[info] >      chunk    {0} extract-text-webpack-plugin-output-filename 2.62 kB [entry] [rendered] {"user":"    chunk    {0} extract-text-webpack-plugin-output-filename 2.62 kB [entry] [rendered]","metadata":{"emulator":{"name":"functions"},"message":"\u001b[90m> \u001b[39m     chunk    {0} extract-text-webpack-plugin-output-filename 2.62 kB [entry] [rendered]"}}
[info] >          [0] ./~/css-loader/lib/css-base.js 1.46 kB {0} [built] {"user":"        [0] ./~/css-loader/lib/css-base.js 1.46 kB {0} [built]","metadata":{"emulator":{"name":"functions"},"message":"\u001b[90m> \u001b[39m         [0] ./~/css-loader/lib/css-base.js 1.46 kB {0} [built]"}}
[info] >          [1] ./~/css-loader!./~/sass-loader/lib/loader.js!./app/css/styles.scss 1.17 kB {0} [built] {"user":"        [1] ./~/css-loader!./~/sass-loader/lib/loader.js!./app/css/styles.scss 1.17 kB {0} [built]","metadata":{"emulator":{"name":"functions"},"message":"\u001b[90m> \u001b[39m         [1] ./~/css-loader!./~/sass-loader/lib/loader.js!./app/css/styles.scss 1.17 kB {0} [built]"}}
[info] >  webpack: Compiled successfully. {"user":"webpack: Compiled successfully.","metadata":{"emulator":{"name":"functions"},"message":"\u001b[90m> \u001b[39m webpack: Compiled successfully."}}
[info] Shutting down...
[info] i  functions: Stopping Functions Emulator {"metadata":{"emulator":{"name":"functions"},"message":"Stopping Functions Emulator"}}
[info] i  functions: Waiting for all functions to finish... {"metadata":{"emulator":{"name":"functions"},"message":"Waiting for all functions to finish..."}}
[info] Shutting down...
[info] i  functions: Stopping Functions Emulator {"metadata":{"emulator":{"name":"functions"},"message":"Stopping Functions Emulator"}}
[info] i  functions: Waiting for all functions to finish... {"metadata":{"emulator":{"name":"functions"},"message":"Waiting for all functions to finish..."}}
[debug] [2022-01-29T18:18:06.823Z] [worker-~diagnostic~-70992e8c-2d70-40d5-ab30-f689194dfed7]: exited {"metadata":{"emulator":{"name":"functions"},"message":"[worker-~diagnostic~-70992e8c-2d70-40d5-ab30-f689194dfed7]: exited"}}
[debug] [2022-01-29T18:18:06.824Z] [worker-~diagnostic~-70992e8c-2d70-40d5-ab30-f689194dfed7]: FINISHED {"metadata":{"emulator":{"name":"functions"},"message":"[worker-~diagnostic~-70992e8c-2d70-40d5-ab30-f689194dfed7]: FINISHED"}}
[info] Shutting down...
[info] i  functions: Stopping Functions Emulator {"metadata":{"emulator":{"name":"functions"},"message":"Stopping Functions Emulator"}}
[info] i  functions: Waiting for all functions to finish... {"metadata":{"emulator":{"name":"functions"},"message":"Waiting for all functions to finish..."}}
